d:\2 教学\1密码学引论\2实验\examples\examples\debug\vc143.pdb
d:\2 教学\1密码学引论\2实验\examples\examples\debug\vc143.idb
d:\2 教学\1密码学引论\2实验\examples\examples\debug\mbedtls_sha_x_test.obj
d:\2 教学\1密码学引论\2实验\examples\examples\debug\mbedtls_rsa_test.obj
d:\2 教学\1密码学引论\2实验\examples\examples\debug\mbedtls_rsa_sign_test.obj
d:\2 教学\1密码学引论\2实验\examples\examples\debug\mbedtls_hmac_test.obj
d:\2 教学\1密码学引论\2实验\examples\examples\debug\mbedtls_gcm_test.obj
d:\2 教学\1密码学引论\2实验\examples\examples\debug\mbedtls_dhm_test.obj
d:\2 教学\1密码学引论\2实验\examples\examples\debug\mbedtls_aes_test.obj
d:\2 教学\1密码学引论\2实验\examples\examples\debug\main.obj
d:\2 教学\1密码学引论\2实验\examples\examples\debug\examples.exe
d:\2 教学\1密码学引论\2实验\examples\examples\debug\examples.ilk
d:\2 教学\1密码学引论\2实验\examples\examples\debug\examples.pdb
d:\2 教学\1密码学引论\2实验\examples\examples\debug\vc142.idb
d:\2 教学\1密码学引论\2实验\examples\examples\debug\vc142.pdb
d:\2 教学\1密码学引论\2实验\examples\examples\debug\examples.tlog\cl.command.1.tlog
d:\2 教学\1密码学引论\2实验\examples\examples\debug\examples.tlog\cl.read.1.tlog
d:\2 教学\1密码学引论\2实验\examples\examples\debug\examples.tlog\cl.write.1.tlog
d:\2 教学\1密码学引论\2实验\examples\examples\debug\examples.tlog\link.command.1.tlog
d:\2 教学\1密码学引论\2实验\examples\examples\debug\examples.tlog\link.read.1.tlog
d:\2 教学\1密码学引论\2实验\examples\examples\debug\examples.tlog\link.write.1.tlog
